<?xml version="1.0" encoding="UTF-8"?>
<testng-results ignored="0" total="2" passed="2" failed="0" skipped="0">
  <reporter-output>
  </reporter-output>
  <suite started-at="2023-07-02T01:00:16 SGT" name="Suite" finished-at="2023-07-02T01:00:17 SGT" duration-ms="124">
    <groups>
    </groups>
    <test started-at="2023-07-02T01:00:16 SGT" name="Test" finished-at="2023-07-02T01:00:17 SGT" duration-ms="124">
      <class name="org.automation.testcases.Login01Test">
        <test-method is-config="true" signature="beforeMethod()[pri:0, instance:org.automation.testcases.Login01Test@69e1dd28]" started-at="2023-07-02T01:00:17 SGT" name="beforeMethod" finished-at="2023-07-02T01:00:17 SGT" duration-ms="3" status="PASS">
          <reporter-output>
          </reporter-output>
        </test-method> <!-- beforeMethod -->
        <test-method signature="f()[pri:0, instance:org.automation.testcases.Login01Test@69e1dd28]" started-at="2023-07-02T01:00:17 SGT" name="f" finished-at="2023-07-02T01:00:17 SGT" duration-ms="5" status="PASS">
          <reporter-output>
          </reporter-output>
        </test-method> <!-- f -->
        <test-method is-config="true" signature="afterMethod()[pri:0, instance:org.automation.testcases.Login01Test@69e1dd28]" started-at="2023-07-02T01:00:17 SGT" name="afterMethod" finished-at="2023-07-02T01:00:17 SGT" duration-ms="1" status="PASS">
          <reporter-output>
          </reporter-output>
        </test-method> <!-- afterMethod -->
      </class> <!-- org.automation.testcases.Login01Test -->
      <class name="org.automation.testcases.Login02Test">
        <test-method is-config="true" signature="beforeMethod()[pri:0, instance:org.automation.testcases.Login02Test@6babf3bf]" started-at="2023-07-02T01:00:17 SGT" name="beforeMethod" finished-at="2023-07-02T01:00:17 SGT" duration-ms="1" status="PASS">
          <reporter-output>
          </reporter-output>
        </test-method> <!-- beforeMethod -->
        <test-method is-config="true" signature="afterMethod()[pri:0, instance:org.automation.testcases.Login02Test@6babf3bf]" started-at="2023-07-02T01:00:17 SGT" name="afterMethod" finished-at="2023-07-02T01:00:17 SGT" duration-ms="0" status="PASS">
          <reporter-output>
          </reporter-output>
        </test-method> <!-- afterMethod -->
        <test-method signature="f()[pri:0, instance:org.automation.testcases.Login02Test@6babf3bf]" started-at="2023-07-02T01:00:17 SGT" name="f" finished-at="2023-07-02T01:00:17 SGT" duration-ms="0" status="PASS">
          <reporter-output>
          </reporter-output>
        </test-method> <!-- f -->
      </class> <!-- org.automation.testcases.Login02Test -->
    </test> <!-- Test -->
  </suite> <!-- Suite -->
</testng-results>
