<?xml version="1.0" encoding="UTF-8"?>
<testsuite xmlns:xsi="http://www.w3.org/2001/XMLSchema-instance" xsi:noNamespaceSchemaLocation="https://maven.apache.org/surefire/maven-surefire-plugin/xsd/surefire-test-report-3.0.xsd" version="3.0" name="TestSuite" time="1.565" tests="2" errors="0" skipped="0" failures="0">
  <properties>
[...]
</properties>
  <testcase name="f" classname="org.automation.testcases.Login01Test" time="0.005">
    <system-out><![CDATA[[TestNGContentHandler] [WARN] It is strongly recommended to add "<!DOCTYPE suite SYSTEM "https://testng.org/testng-1.0.dtd" >" at the top of the suite file [D:\Workspaces\CICIProject\src\test\java\RegressionSuite01.xml] otherwise TestNG may fail or not work as expected.
before test - LoginTest01
Test - LoginTest01
]]></system-out>
  </testcase>
  <testcase name="f" classname="org.automation.testcases.Login02Test" time="0.001">
    <system-out><![CDATA[after test - LoginTest01
before test - LoginTest02
Test - LoginTest02
]]></system-out>
  </testcase>
</testsuite>