<?xml version="1.0" encoding="UTF-8"?>
<testng-results ignored="0" total="2" passed="2" failed="0" skipped="0">
  <reporter-output>
  </reporter-output>
  <suite started-at="2021-10-16T19:21:41 SGT" name="Suite" finished-at="2021-10-16T19:21:41 SGT" duration-ms="98">
    <groups>
    </groups>
    <test started-at="2021-10-16T19:21:41 SGT" name="Test" finished-at="2021-10-16T19:21:41 SGT" duration-ms="98">
      <class name="org.automation.testcases.Login04Test">
        <test-method is-config="true" signature="beforeMethod()[pri:0, instance:org.automation.testcases.Login04Test@4d465b11]" started-at="2021-10-16T19:21:41 SGT" name="beforeMethod" finished-at="2021-10-16T19:21:41 SGT" duration-ms="1" status="PASS">
          <reporter-output>
          </reporter-output>
        </test-method> <!-- beforeMethod -->
        <test-method signature="f()[pri:0, instance:org.automation.testcases.Login04Test@4d465b11]" started-at="2021-10-16T19:21:41 SGT" name="f" finished-at="2021-10-16T19:21:41 SGT" duration-ms="2" status="PASS">
          <reporter-output>
          </reporter-output>
        </test-method> <!-- f -->
        <test-method is-config="true" signature="afterMethod()[pri:0, instance:org.automation.testcases.Login04Test@4d465b11]" started-at="2021-10-16T19:21:41 SGT" name="afterMethod" finished-at="2021-10-16T19:21:41 SGT" duration-ms="2" status="PASS">
          <reporter-output>
          </reporter-output>
        </test-method> <!-- afterMethod -->
      </class> <!-- org.automation.testcases.Login04Test -->
      <class name="org.automation.testcases.Login03Test">
        <test-method is-config="true" signature="beforeMethod()[pri:0, instance:org.automation.testcases.Login03Test@2dde1bff]" started-at="2021-10-16T19:21:41 SGT" name="beforeMethod" finished-at="2021-10-16T19:21:41 SGT" duration-ms="7" status="PASS">
          <reporter-output>
          </reporter-output>
        </test-method> <!-- beforeMethod -->
        <test-method signature="f()[pri:0, instance:org.automation.testcases.Login03Test@2dde1bff]" started-at="2021-10-16T19:21:41 SGT" name="f" finished-at="2021-10-16T19:21:41 SGT" duration-ms="7" status="PASS">
          <reporter-output>
          </reporter-output>
        </test-method> <!-- f -->
        <test-method is-config="true" signature="afterMethod()[pri:0, instance:org.automation.testcases.Login03Test@2dde1bff]" started-at="2021-10-16T19:21:41 SGT" name="afterMethod" finished-at="2021-10-16T19:21:41 SGT" duration-ms="0" status="PASS">
          <reporter-output>
          </reporter-output>
        </test-method> <!-- afterMethod -->
      </class> <!-- org.automation.testcases.Login03Test -->
    </test> <!-- Test -->
  </suite> <!-- Suite -->
</testng-results>
